<?xml version="1.0" encoding="UTF-8"?>
<!-- Generated by org.testng.reporters.JUnitReportReporter -->
<testsuite hostname="MacBook-Pro" failures="0" tests="4" name="lessons.lesson16.BaseTest" time="45.911" errors="0" timestamp="21 Jun 2020 14:18:15 GMT" skipped="0">
  <testcase classname="lessons.lesson16.BaseTest" name="createAnAccauntTest" time="12.317"/>
  <testcase classname="lessons.lesson16.BaseTest" name="checkSearchByKeysWordsReturnCorrectNumberOfResultsTest" time="11.102"/>
  <testcase classname="lessons.lesson16.BaseTest" name="checkTileAfterRedirectToLoginPage" time="11.594"/>
  <testcase classname="lessons.lesson16.BaseTest" name="checkSearchByKeysWordsTitleTest" time="10.898"/>
</testsuite> <!-- lessons.lesson16.BaseTest -->
