<?xml version="1.0" encoding="UTF-8"?>
<!-- Generated by org.testng.reporters.JUnitReportReporter -->
<testsuite hostname="MacBook-Pro" failures="0" tests="2" name="maven.pages.searchTests.GoogleSearchTest" time="6.126" errors="0" timestamp="21 Jun 2020 14:18:15 GMT" skipped="1">
  <testcase classname="maven.pages.searchTests.GoogleSearchTest" name="meSecondTest" time="6.126"/>
  <testcase classname="maven.pages.searchTests.GoogleSearchTest" name="myFirstTest">
    <skipped/>
  </testcase> <!-- myFirstTest -->
</testsuite> <!-- maven.pages.searchTests.GoogleSearchTest -->
